2024-10-04 09:53:09,992 - CLTR - INFO - model params: = 217.272	
2024-10-04 09:53:09,996 - CLTR - INFO - {'dataset': 'cod', 'save_path': '/data/yf/IOC2/result/save_file/log_file/output_feature_weighting/20241004_095309', 'workers': 2, 'print_freq': 200, 'start_epoch': 0, 'epochs': 1500, 'pre': 'None', 'batch_size': 10, 'crop_size': 256, 'lr_step': 1200, 'seed': 1, 'best_pred': 100000.0, 'gpu_id': '1,2', 'lr': 1e-05, 'weight_decay': 0.0005, 'save': True, 'scale_aug': True, 'scale_type': 1, 'scale_p': 0.3, 'gray_aug': True, 'gray_p': 0.1, 'test_patch': True, 'channel_point': 3, 'num_patch': 1, 'min_num': -1, 'num_knn': 4, 'test_per_epoch': 20, 'threshold': 0.35, 'video_path': './video_demo/1.mp4', 'local_rank': 0, 'lr_backbone': 0.0001, 'lr_drop': 40, 'clip_max_norm': 0.1, 'frozen_weights': None, 'backbone': 'resnet50', 'dilation': True, 'position_embedding': 'sine', 'enc_layers': 6, 'dec_layers': 6, 'dim_feedforward': 2048, 'hidden_dim': 256, 'dropout': 0.1, 'nheads': 8, 'num_queries': 700, 'pre_norm': False, 'masks': False, 'aux_loss': True, 'set_cost_class': 2, 'set_cost_point': 5, 'set_cost_giou': 2, 'mask_loss_coef': 1, 'dice_loss_coef': 1, 'cls_loss_coef': 2, 'count_loss_coef': 2, 'point_loss_coef': 5, 'giou_loss_coef': 2, 'focal_alpha': 0.25, 'dataset_file': 'crowd_data', 'coco_path': None, 'coco_panoptic_path': None, 'remove_difficult': False, 'output_dir': '', 'device': 'cuda', 'resume': '', 'eval': False, 'num_workers': 2, 'world_size': 2, 'dist_url': 'env:// ', 'master_port': 29501, 'dm_count': True, 'branch_merge_way': 2, 'only_dm': False, 'visual_path': '', 'branch_merge': True, 'with_weights': False, 'transformer_flag': 'merge3', 'decoding_arch': 'feature_weighting', 'rank': 0, 'gpu': 0, 'distributed': True, 'dist_backend': 'nccl'}
2024-10-04 09:53:09,997 - CLTR - INFO - => no checkpoint found at 'None'
2024-10-04 09:53:09,997 - CLTR - INFO - best result = 100000.000
2024-10-04 09:53:09,997 - CLTR - INFO - best result=100000.000	 start epoch=0.000
2024-10-04 09:53:09,997 - CLTR - INFO - start training!
2024-10-04 09:53:09,997 - CLTR - INFO - NVIDIA GeForce RTX 3090
2024-10-04 09:56:19,974 - CLTR - INFO - Training Epoch:[0/1500]	 loss=19.98504	 lr=0.000010	 epoch_time=189.976
2024-10-04 09:59:27,219 - CLTR - INFO - Training Epoch:[1/1500]	 loss=15.16532	 lr=0.000010	 epoch_time=187.232
2024-10-04 10:02:29,519 - CLTR - INFO - Training Epoch:[2/1500]	 loss=13.89346	 lr=0.000010	 epoch_time=182.297
2024-10-04 10:05:34,539 - CLTR - INFO - Training Epoch:[3/1500]	 loss=13.80973	 lr=0.000010	 epoch_time=185.017
2024-10-04 10:08:37,828 - CLTR - INFO - Training Epoch:[4/1500]	 loss=12.52862	 lr=0.000010	 epoch_time=183.286
2024-10-04 10:11:42,534 - CLTR - INFO - Training Epoch:[5/1500]	 loss=12.38096	 lr=0.000010	 epoch_time=184.702
2024-10-04 10:14:45,271 - CLTR - INFO - Training Epoch:[6/1500]	 loss=12.36225	 lr=0.000010	 epoch_time=182.733
2024-10-04 10:17:48,334 - CLTR - INFO - Training Epoch:[7/1500]	 loss=12.09913	 lr=0.000010	 epoch_time=183.059
2024-10-04 10:20:51,580 - CLTR - INFO - Training Epoch:[8/1500]	 loss=12.02767	 lr=0.000010	 epoch_time=183.241
2024-10-04 10:23:55,341 - CLTR - INFO - Training Epoch:[9/1500]	 loss=11.66140	 lr=0.000010	 epoch_time=183.757
2024-10-04 10:27:01,135 - CLTR - INFO - Training Epoch:[10/1500]	 loss=11.89156	 lr=0.000010	 epoch_time=185.790
2024-10-04 10:30:05,218 - CLTR - INFO - Training Epoch:[11/1500]	 loss=11.26036	 lr=0.000010	 epoch_time=184.079
2024-10-04 10:33:08,186 - CLTR - INFO - Training Epoch:[12/1500]	 loss=10.55552	 lr=0.000010	 epoch_time=182.965
2024-10-04 10:36:12,073 - CLTR - INFO - Training Epoch:[13/1500]	 loss=10.28761	 lr=0.000010	 epoch_time=183.883
2024-10-04 10:39:16,779 - CLTR - INFO - Training Epoch:[14/1500]	 loss=10.40426	 lr=0.000010	 epoch_time=184.704
2024-10-04 10:42:22,369 - CLTR - INFO - Training Epoch:[15/1500]	 loss=10.14807	 lr=0.000010	 epoch_time=185.586
2024-10-04 10:45:25,029 - CLTR - INFO - Training Epoch:[16/1500]	 loss=10.12058	 lr=0.000010	 epoch_time=182.656
2024-10-04 10:48:29,764 - CLTR - INFO - Training Epoch:[17/1500]	 loss=9.43095	 lr=0.000010	 epoch_time=184.731
2024-10-04 10:51:34,373 - CLTR - INFO - Training Epoch:[18/1500]	 loss=10.01277	 lr=0.000010	 epoch_time=184.606
2024-10-04 10:54:36,753 - CLTR - INFO - Training Epoch:[19/1500]	 loss=10.03397	 lr=0.000010	 epoch_time=182.377
2024-10-04 10:57:39,679 - CLTR - INFO - Training Epoch:[20/1500]	 loss=10.32261	 lr=0.000010	 epoch_time=182.922
2024-10-04 11:00:43,096 - CLTR - INFO - Training Epoch:[21/1500]	 loss=9.39826	 lr=0.000010	 epoch_time=183.412
2024-10-04 11:03:46,495 - CLTR - INFO - Training Epoch:[22/1500]	 loss=9.84794	 lr=0.000010	 epoch_time=183.393
2024-10-04 11:06:50,826 - CLTR - INFO - Training Epoch:[23/1500]	 loss=9.44297	 lr=0.000010	 epoch_time=184.326
2024-10-04 11:09:53,889 - CLTR - INFO - Training Epoch:[24/1500]	 loss=9.69211	 lr=0.000010	 epoch_time=183.060
2024-10-04 11:12:59,668 - CLTR - INFO - Training Epoch:[25/1500]	 loss=8.97364	 lr=0.000010	 epoch_time=185.776
2024-10-04 11:16:08,339 - CLTR - INFO - Training Epoch:[26/1500]	 loss=9.41202	 lr=0.000010	 epoch_time=188.667
2024-10-04 11:19:15,449 - CLTR - INFO - Training Epoch:[27/1500]	 loss=9.46041	 lr=0.000010	 epoch_time=187.106
2024-10-04 11:22:24,905 - CLTR - INFO - Training Epoch:[28/1500]	 loss=9.31590	 lr=0.000010	 epoch_time=189.452
2024-10-04 11:25:38,569 - CLTR - INFO - Training Epoch:[29/1500]	 loss=9.64427	 lr=0.000010	 epoch_time=193.661
2024-10-04 11:28:40,865 - CLTR - INFO - Training Epoch:[30/1500]	 loss=9.62766	 lr=0.000010	 epoch_time=182.293
2024-10-04 11:31:47,832 - CLTR - INFO - Training Epoch:[31/1500]	 loss=9.42586	 lr=0.000010	 epoch_time=186.963
2024-10-04 11:35:10,522 - CLTR - INFO - Training Epoch:[32/1500]	 loss=9.61696	 lr=0.000010	 epoch_time=202.686
2024-10-04 11:38:39,416 - CLTR - INFO - Training Epoch:[33/1500]	 loss=9.27202	 lr=0.000010	 epoch_time=208.890
2024-10-04 11:42:12,163 - CLTR - INFO - Training Epoch:[34/1500]	 loss=8.67242	 lr=0.000010	 epoch_time=212.744
2024-10-04 11:45:40,523 - CLTR - INFO - Training Epoch:[35/1500]	 loss=8.13823	 lr=0.000010	 epoch_time=208.356
2024-10-04 11:49:09,747 - CLTR - INFO - Training Epoch:[36/1500]	 loss=8.70805	 lr=0.000010	 epoch_time=209.219
2024-10-04 11:52:36,001 - CLTR - INFO - Training Epoch:[37/1500]	 loss=8.65286	 lr=0.000010	 epoch_time=206.251
2024-10-04 11:56:03,138 - CLTR - INFO - Training Epoch:[38/1500]	 loss=8.29677	 lr=0.000010	 epoch_time=207.134
2024-10-04 11:59:28,724 - CLTR - INFO - Training Epoch:[39/1500]	 loss=8.10710	 lr=0.000010	 epoch_time=205.583
2024-10-04 12:02:56,054 - CLTR - INFO - Training Epoch:[40/1500]	 loss=8.13421	 lr=0.000010	 epoch_time=207.326
2024-10-04 12:06:22,223 - CLTR - INFO - Training Epoch:[41/1500]	 loss=8.07483	 lr=0.000010	 epoch_time=206.166
2024-10-04 12:09:52,890 - CLTR - INFO - Training Epoch:[42/1500]	 loss=7.74928	 lr=0.000010	 epoch_time=210.664
2024-10-04 12:13:22,074 - CLTR - INFO - Training Epoch:[43/1500]	 loss=7.84416	 lr=0.000010	 epoch_time=209.179
2024-10-04 12:16:52,096 - CLTR - INFO - Training Epoch:[44/1500]	 loss=7.73046	 lr=0.000010	 epoch_time=210.017
2024-10-04 12:20:21,383 - CLTR - INFO - Training Epoch:[45/1500]	 loss=7.55934	 lr=0.000010	 epoch_time=209.284
2024-10-04 12:23:48,262 - CLTR - INFO - Training Epoch:[46/1500]	 loss=7.36353	 lr=0.000010	 epoch_time=206.874
2024-10-04 12:27:16,276 - CLTR - INFO - Training Epoch:[47/1500]	 loss=7.69187	 lr=0.000010	 epoch_time=208.011
2024-10-04 12:30:50,971 - CLTR - INFO - Training Epoch:[48/1500]	 loss=7.88131	 lr=0.000010	 epoch_time=214.691
2024-10-04 12:34:19,623 - CLTR - INFO - Training Epoch:[49/1500]	 loss=7.91307	 lr=0.000010	 epoch_time=208.648
2024-10-04 12:37:47,086 - CLTR - INFO - Training Epoch:[50/1500]	 loss=7.58681	 lr=0.000010	 epoch_time=207.460
2024-10-04 12:41:20,649 - CLTR - INFO - Training Epoch:[51/1500]	 loss=7.39750	 lr=0.000010	 epoch_time=213.559
2024-10-04 12:44:46,277 - CLTR - INFO - Training Epoch:[52/1500]	 loss=7.18239	 lr=0.000010	 epoch_time=205.625
2024-10-04 12:48:17,401 - CLTR - INFO - Training Epoch:[53/1500]	 loss=7.45280	 lr=0.000010	 epoch_time=211.121
2024-10-04 12:51:45,269 - CLTR - INFO - Training Epoch:[54/1500]	 loss=7.65054	 lr=0.000010	 epoch_time=207.866
2024-10-04 12:55:17,304 - CLTR - INFO - Training Epoch:[55/1500]	 loss=7.16917	 lr=0.000010	 epoch_time=212.030
2024-10-04 12:58:44,241 - CLTR - INFO - Training Epoch:[56/1500]	 loss=6.95157	 lr=0.000010	 epoch_time=206.933
2024-10-04 13:02:13,629 - CLTR - INFO - Training Epoch:[57/1500]	 loss=7.33540	 lr=0.000010	 epoch_time=209.384
2024-10-04 13:05:42,583 - CLTR - INFO - Training Epoch:[58/1500]	 loss=7.47944	 lr=0.000010	 epoch_time=208.949
2024-10-04 13:09:15,415 - CLTR - INFO - Training Epoch:[59/1500]	 loss=7.21888	 lr=0.000010	 epoch_time=212.828
2024-10-04 13:12:45,638 - CLTR - INFO - Training Epoch:[60/1500]	 loss=7.26192	 lr=0.000010	 epoch_time=210.220
2024-10-04 13:16:17,331 - CLTR - INFO - Training Epoch:[61/1500]	 loss=7.48259	 lr=0.000010	 epoch_time=211.689
2024-10-04 13:19:46,062 - CLTR - INFO - Training Epoch:[62/1500]	 loss=7.43529	 lr=0.000010	 epoch_time=208.727
2024-10-04 13:23:13,355 - CLTR - INFO - Training Epoch:[63/1500]	 loss=7.12800	 lr=0.000010	 epoch_time=207.287
2024-10-04 13:26:40,360 - CLTR - INFO - Training Epoch:[64/1500]	 loss=7.14221	 lr=0.000010	 epoch_time=207.002
2024-10-04 13:30:13,843 - CLTR - INFO - Training Epoch:[65/1500]	 loss=7.17295	 lr=0.000010	 epoch_time=213.479
2024-10-04 13:33:41,427 - CLTR - INFO - Training Epoch:[66/1500]	 loss=6.69881	 lr=0.000010	 epoch_time=207.580
2024-10-04 13:37:11,780 - CLTR - INFO - Training Epoch:[67/1500]	 loss=6.92356	 lr=0.000010	 epoch_time=210.350
2024-10-04 13:40:41,964 - CLTR - INFO - Training Epoch:[68/1500]	 loss=7.28936	 lr=0.000010	 epoch_time=210.181
2024-10-04 13:44:13,484 - CLTR - INFO - Training Epoch:[69/1500]	 loss=6.95123	 lr=0.000010	 epoch_time=211.518
2024-10-04 13:47:40,706 - CLTR - INFO - Training Epoch:[70/1500]	 loss=6.90379	 lr=0.000010	 epoch_time=207.218
2024-10-04 13:51:08,329 - CLTR - INFO - Training Epoch:[71/1500]	 loss=6.73889	 lr=0.000010	 epoch_time=207.620
2024-10-04 13:54:38,945 - CLTR - INFO - Training Epoch:[72/1500]	 loss=6.55302	 lr=0.000010	 epoch_time=210.612
2024-10-04 13:58:07,649 - CLTR - INFO - Training Epoch:[73/1500]	 loss=7.02019	 lr=0.000010	 epoch_time=208.701
2024-10-04 14:01:39,202 - CLTR - INFO - Training Epoch:[74/1500]	 loss=6.46632	 lr=0.000010	 epoch_time=211.549
2024-10-04 14:05:06,572 - CLTR - INFO - Training Epoch:[75/1500]	 loss=6.96998	 lr=0.000010	 epoch_time=207.367
2024-10-04 14:08:35,425 - CLTR - INFO - Training Epoch:[76/1500]	 loss=7.25179	 lr=0.000010	 epoch_time=208.850
2024-10-04 14:12:03,457 - CLTR - INFO - Training Epoch:[77/1500]	 loss=6.60254	 lr=0.000010	 epoch_time=208.027
2024-10-04 14:15:33,497 - CLTR - INFO - Training Epoch:[78/1500]	 loss=6.74831	 lr=0.000010	 epoch_time=210.036
2024-10-04 14:18:59,394 - CLTR - INFO - Training Epoch:[79/1500]	 loss=6.75121	 lr=0.000010	 epoch_time=205.894
2024-10-04 14:22:29,078 - CLTR - INFO - Training Epoch:[80/1500]	 loss=7.03155	 lr=0.000010	 epoch_time=209.678
2024-10-04 14:25:56,428 - CLTR - INFO - Training Epoch:[81/1500]	 loss=6.75797	 lr=0.000010	 epoch_time=207.346
2024-10-04 14:29:25,674 - CLTR - INFO - Training Epoch:[82/1500]	 loss=6.72725	 lr=0.000010	 epoch_time=209.241
2024-10-04 14:32:53,194 - CLTR - INFO - Training Epoch:[83/1500]	 loss=6.50870	 lr=0.000010	 epoch_time=207.516
2024-10-04 14:36:24,069 - CLTR - INFO - Training Epoch:[84/1500]	 loss=6.53486	 lr=0.000010	 epoch_time=210.870
2024-10-04 14:39:55,632 - CLTR - INFO - Training Epoch:[85/1500]	 loss=6.40500	 lr=0.000010	 epoch_time=211.558
2024-10-04 14:43:25,213 - CLTR - INFO - Training Epoch:[86/1500]	 loss=7.08998	 lr=0.000010	 epoch_time=209.576
2024-10-04 14:46:53,279 - CLTR - INFO - Training Epoch:[87/1500]	 loss=6.58322	 lr=0.000010	 epoch_time=208.062
2024-10-04 14:50:25,606 - CLTR - INFO - Training Epoch:[88/1500]	 loss=6.65270	 lr=0.000010	 epoch_time=212.323
2024-10-04 14:53:58,650 - CLTR - INFO - Training Epoch:[89/1500]	 loss=6.85217	 lr=0.000010	 epoch_time=213.041
2024-10-04 14:57:27,875 - CLTR - INFO - Training Epoch:[90/1500]	 loss=6.52393	 lr=0.000010	 epoch_time=209.220
2024-10-04 15:00:57,454 - CLTR - INFO - Training Epoch:[91/1500]	 loss=6.71272	 lr=0.000010	 epoch_time=209.575
2024-10-04 15:04:27,324 - CLTR - INFO - Training Epoch:[92/1500]	 loss=6.49571	 lr=0.000010	 epoch_time=209.866
2024-10-04 15:07:57,035 - CLTR - INFO - Training Epoch:[93/1500]	 loss=6.88946	 lr=0.000010	 epoch_time=209.707
2024-10-04 15:11:25,877 - CLTR - INFO - Training Epoch:[94/1500]	 loss=6.55186	 lr=0.000010	 epoch_time=208.837
2024-10-04 15:14:52,721 - CLTR - INFO - Training Epoch:[95/1500]	 loss=6.80022	 lr=0.000010	 epoch_time=206.839
2024-10-04 15:18:25,802 - CLTR - INFO - Training Epoch:[96/1500]	 loss=6.84365	 lr=0.000010	 epoch_time=213.077
2024-10-04 15:21:57,839 - CLTR - INFO - Training Epoch:[97/1500]	 loss=6.74048	 lr=0.000010	 epoch_time=212.033
2024-10-04 15:25:26,083 - CLTR - INFO - Training Epoch:[98/1500]	 loss=6.15808	 lr=0.000010	 epoch_time=208.241
2024-10-04 15:28:57,011 - CLTR - INFO - Training Epoch:[99/1500]	 loss=6.79010	 lr=0.000010	 epoch_time=210.924
2024-10-04 15:32:28,237 - CLTR - INFO - Training Epoch:[100/1500]	 loss=6.44366	 lr=0.000010	 epoch_time=211.222
2024-10-04 15:35:55,021 - CLTR - INFO - Training Epoch:[101/1500]	 loss=6.55697	 lr=0.000010	 epoch_time=206.780
2024-10-04 15:39:24,283 - CLTR - INFO - Training Epoch:[102/1500]	 loss=6.29196	 lr=0.000010	 epoch_time=209.257
2024-10-04 15:42:53,413 - CLTR - INFO - Training Epoch:[103/1500]	 loss=6.35545	 lr=0.000010	 epoch_time=209.126
2024-10-04 15:46:26,070 - CLTR - INFO - Training Epoch:[104/1500]	 loss=6.90715	 lr=0.000010	 epoch_time=212.653
2024-10-04 15:49:54,449 - CLTR - INFO - Training Epoch:[105/1500]	 loss=6.83114	 lr=0.000010	 epoch_time=208.375
2024-10-04 15:53:23,343 - CLTR - INFO - Training Epoch:[106/1500]	 loss=6.68877	 lr=0.000010	 epoch_time=208.890
2024-10-04 15:56:54,920 - CLTR - INFO - Training Epoch:[107/1500]	 loss=6.34191	 lr=0.000010	 epoch_time=211.574
2024-10-04 16:00:24,951 - CLTR - INFO - Training Epoch:[108/1500]	 loss=6.26184	 lr=0.000010	 epoch_time=210.026
2024-10-04 16:03:54,389 - CLTR - INFO - Training Epoch:[109/1500]	 loss=6.72924	 lr=0.000010	 epoch_time=209.434
2024-10-04 16:07:23,702 - CLTR - INFO - Training Epoch:[110/1500]	 loss=6.42974	 lr=0.000010	 epoch_time=209.310
2024-10-04 16:10:56,282 - CLTR - INFO - Training Epoch:[111/1500]	 loss=6.47323	 lr=0.000010	 epoch_time=212.575
2024-10-04 16:14:25,052 - CLTR - INFO - Training Epoch:[112/1500]	 loss=6.61498	 lr=0.000010	 epoch_time=208.765
2024-10-04 16:17:52,749 - CLTR - INFO - Training Epoch:[113/1500]	 loss=6.10249	 lr=0.000010	 epoch_time=207.692
2024-10-04 16:21:21,424 - CLTR - INFO - Training Epoch:[114/1500]	 loss=6.23304	 lr=0.000010	 epoch_time=208.671
2024-10-04 16:24:51,286 - CLTR - INFO - Training Epoch:[115/1500]	 loss=6.25443	 lr=0.000010	 epoch_time=209.859
2024-10-04 16:28:20,585 - CLTR - INFO - Training Epoch:[116/1500]	 loss=6.24864	 lr=0.000010	 epoch_time=209.295
2024-10-04 16:31:49,729 - CLTR - INFO - Training Epoch:[117/1500]	 loss=6.18015	 lr=0.000010	 epoch_time=209.140
2024-10-04 16:35:21,301 - CLTR - INFO - Training Epoch:[118/1500]	 loss=6.23510	 lr=0.000010	 epoch_time=211.568
2024-10-04 16:38:51,573 - CLTR - INFO - Training Epoch:[119/1500]	 loss=6.32530	 lr=0.000010	 epoch_time=210.268
2024-10-04 16:42:22,917 - CLTR - INFO - Training Epoch:[120/1500]	 loss=6.21557	 lr=0.000010	 epoch_time=211.340
2024-10-04 16:45:52,453 - CLTR - INFO - Training Epoch:[121/1500]	 loss=6.57983	 lr=0.000010	 epoch_time=209.532
2024-10-04 16:49:19,653 - CLTR - INFO - Training Epoch:[122/1500]	 loss=6.15195	 lr=0.000010	 epoch_time=207.197
2024-10-04 16:52:49,407 - CLTR - INFO - Training Epoch:[123/1500]	 loss=6.43324	 lr=0.000010	 epoch_time=209.751
2024-10-04 16:56:18,847 - CLTR - INFO - Training Epoch:[124/1500]	 loss=6.06651	 lr=0.000010	 epoch_time=209.437
2024-10-04 16:59:47,212 - CLTR - INFO - Training Epoch:[125/1500]	 loss=6.60148	 lr=0.000010	 epoch_time=208.361
2024-10-04 17:03:16,001 - CLTR - INFO - Training Epoch:[126/1500]	 loss=6.41176	 lr=0.000010	 epoch_time=208.785
2024-10-04 17:06:43,987 - CLTR - INFO - Training Epoch:[127/1500]	 loss=6.24193	 lr=0.000010	 epoch_time=207.982
2024-10-04 17:10:11,944 - CLTR - INFO - Training Epoch:[128/1500]	 loss=6.65353	 lr=0.000010	 epoch_time=207.954
2024-10-04 17:13:39,931 - CLTR - INFO - Training Epoch:[129/1500]	 loss=6.54027	 lr=0.000010	 epoch_time=207.984
2024-10-04 17:17:08,227 - CLTR - INFO - Training Epoch:[130/1500]	 loss=6.51838	 lr=0.000010	 epoch_time=208.293
2024-10-04 17:20:36,939 - CLTR - INFO - Training Epoch:[131/1500]	 loss=6.48500	 lr=0.000010	 epoch_time=208.708
2024-10-04 17:24:06,139 - CLTR - INFO - Training Epoch:[132/1500]	 loss=6.11871	 lr=0.000010	 epoch_time=209.196
2024-10-04 17:27:34,718 - CLTR - INFO - Training Epoch:[133/1500]	 loss=6.31151	 lr=0.000010	 epoch_time=208.574
2024-10-04 17:31:02,162 - CLTR - INFO - Training Epoch:[134/1500]	 loss=6.27997	 lr=0.000010	 epoch_time=207.440
2024-10-04 17:34:29,106 - CLTR - INFO - Training Epoch:[135/1500]	 loss=6.19778	 lr=0.000010	 epoch_time=206.940
2024-10-04 17:37:57,017 - CLTR - INFO - Training Epoch:[136/1500]	 loss=6.38143	 lr=0.000010	 epoch_time=207.908
2024-10-04 17:41:26,213 - CLTR - INFO - Training Epoch:[137/1500]	 loss=6.12511	 lr=0.000010	 epoch_time=209.191
2024-10-04 17:44:55,073 - CLTR - INFO - Training Epoch:[138/1500]	 loss=6.30961	 lr=0.000010	 epoch_time=208.856
2024-10-04 17:48:22,488 - CLTR - INFO - Training Epoch:[139/1500]	 loss=6.39368	 lr=0.000010	 epoch_time=207.411
2024-10-04 17:51:48,808 - CLTR - INFO - Training Epoch:[140/1500]	 loss=6.15504	 lr=0.000010	 epoch_time=206.316
2024-10-04 17:55:17,433 - CLTR - INFO - Training Epoch:[141/1500]	 loss=6.41508	 lr=0.000010	 epoch_time=208.622
2024-10-04 17:58:45,725 - CLTR - INFO - Training Epoch:[142/1500]	 loss=5.95181	 lr=0.000010	 epoch_time=208.288
2024-10-04 18:02:13,818 - CLTR - INFO - Training Epoch:[143/1500]	 loss=6.32895	 lr=0.000010	 epoch_time=208.089
2024-10-04 18:05:41,557 - CLTR - INFO - Training Epoch:[144/1500]	 loss=6.20880	 lr=0.000010	 epoch_time=207.736
2024-10-04 18:09:07,937 - CLTR - INFO - Training Epoch:[145/1500]	 loss=6.23115	 lr=0.000010	 epoch_time=206.376
2024-10-04 18:12:35,912 - CLTR - INFO - Training Epoch:[146/1500]	 loss=6.22028	 lr=0.000010	 epoch_time=207.971
2024-10-04 18:16:03,085 - CLTR - INFO - Training Epoch:[147/1500]	 loss=6.32757	 lr=0.000010	 epoch_time=207.168
2024-10-04 18:19:31,973 - CLTR - INFO - Training Epoch:[148/1500]	 loss=6.46301	 lr=0.000010	 epoch_time=208.883
2024-10-04 18:23:01,674 - CLTR - INFO - Training Epoch:[149/1500]	 loss=5.99964	 lr=0.000010	 epoch_time=209.698
2024-10-04 18:26:31,826 - CLTR - INFO - Training Epoch:[150/1500]	 loss=6.23738	 lr=0.000010	 epoch_time=210.148
2024-10-04 18:29:59,063 - CLTR - INFO - Training Epoch:[151/1500]	 loss=6.02849	 lr=0.000010	 epoch_time=207.233
2024-10-04 18:33:26,781 - CLTR - INFO - Training Epoch:[152/1500]	 loss=5.96541	 lr=0.000010	 epoch_time=207.715
2024-10-04 18:36:54,207 - CLTR - INFO - Training Epoch:[153/1500]	 loss=6.12973	 lr=0.000010	 epoch_time=207.421
2024-10-04 18:40:25,918 - CLTR - INFO - Training Epoch:[154/1500]	 loss=6.13493	 lr=0.000010	 epoch_time=211.708
2024-10-04 18:43:58,960 - CLTR - INFO - Training Epoch:[155/1500]	 loss=6.03328	 lr=0.000010	 epoch_time=213.037
2024-10-04 18:47:27,580 - CLTR - INFO - Training Epoch:[156/1500]	 loss=6.29288	 lr=0.000010	 epoch_time=208.617
2024-10-04 18:50:54,277 - CLTR - INFO - Training Epoch:[157/1500]	 loss=5.82590	 lr=0.000010	 epoch_time=206.694
2024-10-04 18:54:23,034 - CLTR - INFO - Training Epoch:[158/1500]	 loss=6.01909	 lr=0.000010	 epoch_time=208.752
2024-10-04 18:57:51,761 - CLTR - INFO - Training Epoch:[159/1500]	 loss=6.05732	 lr=0.000010	 epoch_time=208.724
2024-10-04 19:01:19,073 - CLTR - INFO - Training Epoch:[160/1500]	 loss=6.20237	 lr=0.000010	 epoch_time=207.308
2024-10-04 19:04:48,016 - CLTR - INFO - Training Epoch:[161/1500]	 loss=5.81567	 lr=0.000010	 epoch_time=208.940
2024-10-04 19:08:14,984 - CLTR - INFO - Training Epoch:[162/1500]	 loss=5.84151	 lr=0.000010	 epoch_time=206.965
2024-10-04 19:11:42,181 - CLTR - INFO - Training Epoch:[163/1500]	 loss=5.83125	 lr=0.000010	 epoch_time=207.194
2024-10-04 19:15:12,140 - CLTR - INFO - Training Epoch:[164/1500]	 loss=6.03804	 lr=0.000010	 epoch_time=209.955
2024-10-04 19:18:39,377 - CLTR - INFO - Training Epoch:[165/1500]	 loss=6.21645	 lr=0.000010	 epoch_time=207.232
2024-10-04 19:22:06,721 - CLTR - INFO - Training Epoch:[166/1500]	 loss=5.91244	 lr=0.000010	 epoch_time=207.341
2024-10-04 19:25:34,866 - CLTR - INFO - Training Epoch:[167/1500]	 loss=5.97013	 lr=0.000010	 epoch_time=208.141
2024-10-04 19:29:02,026 - CLTR - INFO - Training Epoch:[168/1500]	 loss=5.94919	 lr=0.000010	 epoch_time=207.154
2024-10-04 19:32:28,962 - CLTR - INFO - Training Epoch:[169/1500]	 loss=5.90242	 lr=0.000010	 epoch_time=206.932
2024-10-04 19:35:58,415 - CLTR - INFO - Training Epoch:[170/1500]	 loss=6.20676	 lr=0.000010	 epoch_time=209.450
2024-10-04 19:39:25,918 - CLTR - INFO - Training Epoch:[171/1500]	 loss=6.03407	 lr=0.000010	 epoch_time=207.499
2024-10-04 19:42:55,114 - CLTR - INFO - Training Epoch:[172/1500]	 loss=6.09672	 lr=0.000010	 epoch_time=209.191
2024-10-04 19:46:24,992 - CLTR - INFO - Training Epoch:[173/1500]	 loss=5.97873	 lr=0.000010	 epoch_time=209.873
2024-10-04 19:49:52,365 - CLTR - INFO - Training Epoch:[174/1500]	 loss=6.06404	 lr=0.000010	 epoch_time=207.370
2024-10-04 19:53:20,477 - CLTR - INFO - Training Epoch:[175/1500]	 loss=5.95855	 lr=0.000010	 epoch_time=208.109
2024-10-04 19:56:48,121 - CLTR - INFO - Training Epoch:[176/1500]	 loss=5.76339	 lr=0.000010	 epoch_time=207.640
2024-10-04 20:00:16,464 - CLTR - INFO - Training Epoch:[177/1500]	 loss=5.97417	 lr=0.000010	 epoch_time=208.339
2024-10-04 20:03:43,973 - CLTR - INFO - Training Epoch:[178/1500]	 loss=5.74797	 lr=0.000010	 epoch_time=207.505
2024-10-04 20:07:10,852 - CLTR - INFO - Training Epoch:[179/1500]	 loss=5.82177	 lr=0.000010	 epoch_time=206.875
2024-10-04 20:10:38,384 - CLTR - INFO - Training Epoch:[180/1500]	 loss=5.69751	 lr=0.000010	 epoch_time=207.528
2024-10-04 20:14:05,910 - CLTR - INFO - Training Epoch:[181/1500]	 loss=5.83850	 lr=0.000010	 epoch_time=207.521
2024-10-04 20:17:33,950 - CLTR - INFO - Training Epoch:[182/1500]	 loss=6.42226	 lr=0.000010	 epoch_time=208.036
2024-10-04 20:21:01,418 - CLTR - INFO - Training Epoch:[183/1500]	 loss=5.96603	 lr=0.000010	 epoch_time=207.464
2024-10-04 20:24:28,629 - CLTR - INFO - Training Epoch:[184/1500]	 loss=5.83189	 lr=0.000010	 epoch_time=207.206
2024-10-04 20:27:55,819 - CLTR - INFO - Training Epoch:[185/1500]	 loss=5.63360	 lr=0.000010	 epoch_time=207.186
2024-10-04 20:31:23,565 - CLTR - INFO - Training Epoch:[186/1500]	 loss=5.92016	 lr=0.000010	 epoch_time=207.743
2024-10-04 20:34:51,366 - CLTR - INFO - Training Epoch:[187/1500]	 loss=5.84109	 lr=0.000010	 epoch_time=207.796
2024-10-04 20:38:19,103 - CLTR - INFO - Training Epoch:[188/1500]	 loss=5.86262	 lr=0.000010	 epoch_time=207.734
2024-10-04 20:41:46,836 - CLTR - INFO - Training Epoch:[189/1500]	 loss=5.99658	 lr=0.000010	 epoch_time=207.729
2024-10-04 20:45:14,106 - CLTR - INFO - Training Epoch:[190/1500]	 loss=5.82575	 lr=0.000010	 epoch_time=207.267
2024-10-04 20:48:42,540 - CLTR - INFO - Training Epoch:[191/1500]	 loss=5.74110	 lr=0.000010	 epoch_time=208.430
2024-10-04 20:52:09,283 - CLTR - INFO - Training Epoch:[192/1500]	 loss=5.44944	 lr=0.000010	 epoch_time=206.739
2024-10-04 20:55:38,874 - CLTR - INFO - Training Epoch:[193/1500]	 loss=5.65852	 lr=0.000010	 epoch_time=209.586
2024-10-04 20:59:08,005 - CLTR - INFO - Training Epoch:[194/1500]	 loss=5.57225	 lr=0.000010	 epoch_time=209.128
2024-10-04 21:02:37,202 - CLTR - INFO - Training Epoch:[195/1500]	 loss=5.93806	 lr=0.000010	 epoch_time=209.194
2024-10-04 21:06:07,964 - CLTR - INFO - Training Epoch:[196/1500]	 loss=5.87153	 lr=0.000010	 epoch_time=210.757
2024-10-04 21:09:36,130 - CLTR - INFO - Training Epoch:[197/1500]	 loss=5.58015	 lr=0.000010	 epoch_time=208.163
2024-10-04 21:13:05,087 - CLTR - INFO - Training Epoch:[198/1500]	 loss=5.61239	 lr=0.000010	 epoch_time=208.954
2024-10-04 21:16:35,065 - CLTR - INFO - Training Epoch:[199/1500]	 loss=5.74464	 lr=0.000010	 epoch_time=209.973
2024-10-04 21:20:02,095 - CLTR - INFO - Training Epoch:[200/1500]	 loss=6.30726	 lr=0.000010	 epoch_time=207.026
2024-10-04 21:23:30,564 - CLTR - INFO - Training Epoch:[201/1500]	 loss=6.01195	 lr=0.000010	 epoch_time=208.464
2024-10-04 21:26:57,886 - CLTR - INFO - Training Epoch:[202/1500]	 loss=5.95133	 lr=0.000010	 epoch_time=207.318
2024-10-04 21:30:26,293 - CLTR - INFO - Training Epoch:[203/1500]	 loss=6.04324	 lr=0.000010	 epoch_time=208.404
2024-10-04 21:33:51,850 - CLTR - INFO - Training Epoch:[204/1500]	 loss=5.80609	 lr=0.000010	 epoch_time=205.553
2024-10-04 21:37:18,017 - CLTR - INFO - Training Epoch:[205/1500]	 loss=5.48403	 lr=0.000010	 epoch_time=206.164
